0 info it worked if it ends with ok
1 verbose cli [ 'C:\\Program Files (x86)\\nodejs\\\\node.exe',
1 verbose cli   'C:\\Program Files (x86)\\nodejs\\node_modules\\npm\\bin\\npm-cli.js',
1 verbose cli   'install',
1 verbose cli   'dna2json',
1 verbose cli   'JSONStream',
1 verbose cli   '--save' ]
2 info using npm@1.4.28
3 info using node@v0.10.35
4 verbose node symlink C:\Program Files (x86)\nodejs\\node.exe
5 verbose readDependencies using package.json deps
6 verbose cache add [ 'dna2json', null ]
7 verbose cache add name=undefined spec="dna2json" args=["dna2json",null]
8 verbose parsed url { protocol: null,
8 verbose parsed url   slashes: null,
8 verbose parsed url   auth: null,
8 verbose parsed url   host: null,
8 verbose parsed url   port: null,
8 verbose parsed url   hostname: null,
8 verbose parsed url   hash: null,
8 verbose parsed url   search: null,
8 verbose parsed url   query: null,
8 verbose parsed url   pathname: 'dna2json',
8 verbose parsed url   path: 'dna2json',
8 verbose parsed url   href: 'dna2json' }
9 verbose cache add [ 'JSONStream', null ]
10 verbose cache add name=undefined spec="JSONStream" args=["JSONStream",null]
11 verbose parsed url { protocol: null,
11 verbose parsed url   slashes: null,
11 verbose parsed url   auth: null,
11 verbose parsed url   host: null,
11 verbose parsed url   port: null,
11 verbose parsed url   hostname: null,
11 verbose parsed url   hash: null,
11 verbose parsed url   search: null,
11 verbose parsed url   query: null,
11 verbose parsed url   pathname: 'JSONStream',
11 verbose parsed url   path: 'JSONStream',
11 verbose parsed url   href: 'JSONStream' }
12 silly lockFile 88e750df-dna2json dna2json
13 verbose lock dna2json C:\Users\Marmik\AppData\Roaming\npm-cache\88e750df-dna2json.lock
14 silly lockFile 50850eed-JSONStream JSONStream
15 verbose lock JSONStream C:\Users\Marmik\AppData\Roaming\npm-cache\50850eed-JSONStream.lock
16 silly lockFile 50850eed-JSONStream JSONStream
17 silly lockFile 50850eed-JSONStream JSONStream
18 silly lockFile 88e750df-dna2json dna2json
19 silly lockFile 88e750df-dna2json dna2json
20 verbose addNamed [ 'JSONStream', '' ]
21 verbose addNamed [ null, '*' ]
22 silly lockFile fd7fb6a8-JSONStream JSONStream@
23 verbose lock JSONStream@ C:\Users\Marmik\AppData\Roaming\npm-cache\fd7fb6a8-JSONStream.lock
24 verbose addNamed [ 'dna2json', '' ]
25 verbose addNamed [ null, '*' ]
26 silly lockFile fada7716-dna2json dna2json@
27 verbose lock dna2json@ C:\Users\Marmik\AppData\Roaming\npm-cache\fada7716-dna2json.lock
28 silly addNameRange { name: 'JSONStream', range: '*', hasData: false }
29 silly addNameRange { name: 'dna2json', range: '*', hasData: false }
30 verbose request where is /JSONStream
31 verbose request registry https://registry.npmjs.org/
32 verbose request id 38ed096b6e4acb6b
33 verbose url raw /JSONStream
34 verbose url resolving [ 'https://registry.npmjs.org/', './JSONStream' ]
35 verbose url resolved https://registry.npmjs.org/JSONStream
36 verbose request where is https://registry.npmjs.org/JSONStream
37 info trying registry request attempt 1 at 15:16:58
38 http GET https://registry.npmjs.org/JSONStream
39 verbose request where is /dna2json
40 verbose request registry https://registry.npmjs.org/
41 verbose url raw /dna2json
42 verbose url resolving [ 'https://registry.npmjs.org/', './dna2json' ]
43 verbose url resolved https://registry.npmjs.org/dna2json
44 verbose request where is https://registry.npmjs.org/dna2json
45 info trying registry request attempt 1 at 15:16:58
46 http GET https://registry.npmjs.org/dna2json
47 info retry will retry, error on last attempt: Error: getaddrinfo EAGAIN
48 info retry will retry, error on last attempt: Error: getaddrinfo EAGAIN
49 info trying registry request attempt 2 at 15:17:08
50 http GET https://registry.npmjs.org/JSONStream
51 info trying registry request attempt 2 at 15:17:08
52 http GET https://registry.npmjs.org/dna2json
53 info retry will retry, error on last attempt: Error: getaddrinfo EAGAIN
54 info retry will retry, error on last attempt: Error: getaddrinfo EAGAIN
55 info trying registry request attempt 3 at 15:18:08
56 http GET https://registry.npmjs.org/JSONStream
57 info trying registry request attempt 3 at 15:18:08
58 http GET https://registry.npmjs.org/dna2json
59 silly lockFile fd7fb6a8-JSONStream JSONStream@
60 silly lockFile fd7fb6a8-JSONStream JSONStream@
61 silly lockFile fada7716-dna2json dna2json@
62 silly lockFile fada7716-dna2json dna2json@
63 error Error: getaddrinfo EAGAIN
63 error     at errnoException (dns.js:37:11)
63 error     at Object.onanswer [as oncomplete] (dns.js:124:16)
64 error If you need help, you may report this *entire* log,
64 error including the npm and node versions, at:
64 error     <http://github.com/npm/npm/issues>
65 error System Windows_NT 6.2.9200
66 error command "C:\\Program Files (x86)\\nodejs\\\\node.exe" "C:\\Program Files (x86)\\nodejs\\node_modules\\npm\\bin\\npm-cli.js" "install" "dna2json" "JSONStream" "--save"
67 error cwd C:\Users\Marmik\Desktop\genetic algorithms\dnagenome\dnaAnalysis
68 error node -v v0.10.35
69 error npm -v 1.4.28
70 error syscall getaddrinfo
71 error code EAGAIN
72 error errno EAGAIN
73 verbose exit [ 1, true ]
